{"C:\\Users\\JUAN DAVID ALZATE\\OneDrive\\Documentos\\tinder-app\\api\\controllers\\authController.js": {"path":"C:\\Users\\JUAN DAVID ALZATE\\OneDrive\\Documentos\\tinder-app\\api\\controllers\\authController.js","statementMap":{"0":{"start":{"line":11,"column":18},"end":{"line":15,"column":1}},"1":{"start":{"line":12,"column":2},"end":{"line":14,"column":5}},"2":{"start":{"line":26,"column":22},"end":{"line":78,"column":1}},"3":{"start":{"line":27,"column":67},"end":{"line":27,"column":75}},"4":{"start":{"line":28,"column":2},"end":{"line":77,"column":3}},"5":{"start":{"line":29,"column":4},"end":{"line":34,"column":5}},"6":{"start":{"line":30,"column":6},"end":{"line":33,"column":9}},"7":{"start":{"line":36,"column":4},"end":{"line":41,"column":5}},"8":{"start":{"line":37,"column":6},"end":{"line":40,"column":9}},"9":{"start":{"line":43,"column":4},"end":{"line":48,"column":5}},"10":{"start":{"line":44,"column":6},"end":{"line":47,"column":9}},"11":{"start":{"line":50,"column":20},"end":{"line":57,"column":6}},"12":{"start":{"line":59,"column":18},"end":{"line":59,"column":40}},"13":{"start":{"line":61,"column":4},"end":{"line":65,"column":7}},"14":{"start":{"line":67,"column":4},"end":{"line":67,"column":64}},"15":{"start":{"line":69,"column":4},"end":{"line":74,"column":5}},"16":{"start":{"line":70,"column":6},"end":{"line":73,"column":9}},"17":{"start":{"line":76,"column":4},"end":{"line":76,"column":78}},"18":{"start":{"line":89,"column":21},"end":{"line":128,"column":1}},"19":{"start":{"line":90,"column":30},"end":{"line":90,"column":38}},"20":{"start":{"line":91,"column":2},"end":{"line":127,"column":3}},"21":{"start":{"line":92,"column":4},"end":{"line":97,"column":5}},"22":{"start":{"line":93,"column":6},"end":{"line":96,"column":9}},"23":{"start":{"line":99,"column":17},"end":{"line":99,"column":66}},"24":{"start":{"line":100,"column":4},"end":{"line":105,"column":5}},"25":{"start":{"line":101,"column":6},"end":{"line":104,"column":9}},"26":{"start":{"line":107,"column":28},"end":{"line":107,"column":62}},"27":{"start":{"line":108,"column":4},"end":{"line":113,"column":5}},"28":{"start":{"line":109,"column":6},"end":{"line":112,"column":9}},"29":{"start":{"line":115,"column":18},"end":{"line":117,"column":6}},"30":{"start":{"line":119,"column":4},"end":{"line":123,"column":7}},"31":{"start":{"line":125,"column":4},"end":{"line":125,"column":63}},"32":{"start":{"line":126,"column":4},"end":{"line":126,"column":78}},"33":{"start":{"line":138,"column":22},"end":{"line":140,"column":1}},"34":{"start":{"line":139,"column":2},"end":{"line":139,"column":76}},"35":{"start":{"line":147,"column":29},"end":{"line":179,"column":1}},"36":{"start":{"line":148,"column":20},"end":{"line":148,"column":28}},"37":{"start":{"line":150,"column":2},"end":{"line":178,"column":3}},"38":{"start":{"line":151,"column":17},"end":{"line":151,"column":46}},"39":{"start":{"line":152,"column":4},"end":{"line":157,"column":5}},"40":{"start":{"line":153,"column":6},"end":{"line":156,"column":9}},"41":{"start":{"line":159,"column":22},"end":{"line":159,"column":32}},"42":{"start":{"line":160,"column":25},"end":{"line":160,"column":73}},"43":{"start":{"line":161,"column":23},"end":{"line":161,"column":67}},"44":{"start":{"line":162,"column":22},"end":{"line":164,"column":61}},"45":{"start":{"line":166,"column":4},"end":{"line":166,"column":56}},"46":{"start":{"line":168,"column":4},"end":{"line":171,"column":7}},"47":{"start":{"line":173,"column":4},"end":{"line":173,"column":51}},"48":{"start":{"line":174,"column":4},"end":{"line":177,"column":7}},"49":{"start":{"line":187,"column":30},"end":{"line":241,"column":1}},"50":{"start":{"line":188,"column":38},"end":{"line":188,"column":46}},"51":{"start":{"line":190,"column":2},"end":{"line":240,"column":3}},"52":{"start":{"line":191,"column":4},"end":{"line":193,"column":5}},"53":{"start":{"line":192,"column":6},"end":{"line":192,"column":80}},"54":{"start":{"line":196,"column":4},"end":{"line":203,"column":5}},"55":{"start":{"line":197,"column":6},"end":{"line":197,"column":68}},"56":{"start":{"line":198,"column":6},"end":{"line":198,"column":36}},"57":{"start":{"line":200,"column":6},"end":{"line":202,"column":62}},"58":{"start":{"line":205,"column":33},"end":{"line":205,"column":40}},"59":{"start":{"line":207,"column":4},"end":{"line":211,"column":5}},"60":{"start":{"line":208,"column":6},"end":{"line":210,"column":62}},"61":{"start":{"line":213,"column":32},"end":{"line":213,"column":39}},"62":{"start":{"line":214,"column":4},"end":{"line":218,"column":5}},"63":{"start":{"line":215,"column":6},"end":{"line":217,"column":68}},"64":{"start":{"line":220,"column":17},"end":{"line":220,"column":46}},"65":{"start":{"line":221,"column":4},"end":{"line":225,"column":5}},"66":{"start":{"line":222,"column":6},"end":{"line":224,"column":69}},"67":{"start":{"line":227,"column":4},"end":{"line":227,"column":32}},"68":{"start":{"line":228,"column":4},"end":{"line":228,"column":22}},"69":{"start":{"line":230,"column":4},"end":{"line":233,"column":7}},"70":{"start":{"line":235,"column":4},"end":{"line":235,"column":63}},"71":{"start":{"line":236,"column":4},"end":{"line":239,"column":7}}},"fnMap":{"0":{"name":"(anonymous_0)","decl":{"start":{"line":11,"column":18},"end":{"line":11,"column":19}},"loc":{"start":{"line":11,"column":26},"end":{"line":15,"column":1}},"line":11},"1":{"name":"(anonymous_1)","decl":{"start":{"line":26,"column":22},"end":{"line":26,"column":23}},"loc":{"start":{"line":26,"column":42},"end":{"line":78,"column":1}},"line":26},"2":{"name":"(anonymous_2)","decl":{"start":{"line":89,"column":21},"end":{"line":89,"column":22}},"loc":{"start":{"line":89,"column":41},"end":{"line":128,"column":1}},"line":89},"3":{"name":"(anonymous_3)","decl":{"start":{"line":138,"column":22},"end":{"line":138,"column":23}},"loc":{"start":{"line":138,"column":42},"end":{"line":140,"column":1}},"line":138},"4":{"name":"(anonymous_4)","decl":{"start":{"line":147,"column":29},"end":{"line":147,"column":30}},"loc":{"start":{"line":147,"column":49},"end":{"line":179,"column":1}},"line":147},"5":{"name":"(anonymous_5)","decl":{"start":{"line":187,"column":30},"end":{"line":187,"column":31}},"loc":{"start":{"line":187,"column":50},"end":{"line":241,"column":1}},"line":187}},"branchMap":{"0":{"loc":{"start":{"line":29,"column":4},"end":{"line":34,"column":5}},"type":"if","locations":[{"start":{"line":29,"column":4},"end":{"line":34,"column":5}},{"start":{},"end":{}}],"line":29},"1":{"loc":{"start":{"line":29,"column":8},"end":{"line":29,"column":76}},"type":"binary-expr","locations":[{"start":{"line":29,"column":8},"end":{"line":29,"column":13}},{"start":{"line":29,"column":17},"end":{"line":29,"column":23}},{"start":{"line":29,"column":27},"end":{"line":29,"column":36}},{"start":{"line":29,"column":40},"end":{"line":29,"column":44}},{"start":{"line":29,"column":48},"end":{"line":29,"column":55}},{"start":{"line":29,"column":59},"end":{"line":29,"column":76}}],"line":29},"2":{"loc":{"start":{"line":36,"column":4},"end":{"line":41,"column":5}},"type":"if","locations":[{"start":{"line":36,"column":4},"end":{"line":41,"column":5}},{"start":{},"end":{}}],"line":36},"3":{"loc":{"start":{"line":43,"column":4},"end":{"line":48,"column":5}},"type":"if","locations":[{"start":{"line":43,"column":4},"end":{"line":48,"column":5}},{"start":{},"end":{}}],"line":43},"4":{"loc":{"start":{"line":69,"column":4},"end":{"line":74,"column":5}},"type":"if","locations":[{"start":{"line":69,"column":4},"end":{"line":74,"column":5}},{"start":{},"end":{}}],"line":69},"5":{"loc":{"start":{"line":69,"column":8},"end":{"line":69,"column":55}},"type":"binary-expr","locations":[{"start":{"line":69,"column":8},"end":{"line":69,"column":28}},{"start":{"line":69,"column":32},"end":{"line":69,"column":55}}],"line":69},"6":{"loc":{"start":{"line":92,"column":4},"end":{"line":97,"column":5}},"type":"if","locations":[{"start":{"line":92,"column":4},"end":{"line":97,"column":5}},{"start":{},"end":{}}],"line":92},"7":{"loc":{"start":{"line":92,"column":8},"end":{"line":92,"column":27}},"type":"binary-expr","locations":[{"start":{"line":92,"column":8},"end":{"line":92,"column":14}},{"start":{"line":92,"column":18},"end":{"line":92,"column":27}}],"line":92},"8":{"loc":{"start":{"line":100,"column":4},"end":{"line":105,"column":5}},"type":"if","locations":[{"start":{"line":100,"column":4},"end":{"line":105,"column":5}},{"start":{},"end":{}}],"line":100},"9":{"loc":{"start":{"line":108,"column":4},"end":{"line":113,"column":5}},"type":"if","locations":[{"start":{"line":108,"column":4},"end":{"line":113,"column":5}},{"start":{},"end":{}}],"line":108},"10":{"loc":{"start":{"line":152,"column":4},"end":{"line":157,"column":5}},"type":"if","locations":[{"start":{"line":152,"column":4},"end":{"line":157,"column":5}},{"start":{},"end":{}}],"line":152},"11":{"loc":{"start":{"line":191,"column":4},"end":{"line":193,"column":5}},"type":"if","locations":[{"start":{"line":191,"column":4},"end":{"line":193,"column":5}},{"start":{},"end":{}}],"line":191},"12":{"loc":{"start":{"line":191,"column":8},"end":{"line":191,"column":35}},"type":"binary-expr","locations":[{"start":{"line":191,"column":8},"end":{"line":191,"column":19}},{"start":{"line":191,"column":23},"end":{"line":191,"column":35}}],"line":191},"13":{"loc":{"start":{"line":207,"column":4},"end":{"line":211,"column":5}},"type":"if","locations":[{"start":{"line":207,"column":4},"end":{"line":211,"column":5}},{"start":{},"end":{}}],"line":207},"14":{"loc":{"start":{"line":207,"column":8},"end":{"line":207,"column":28}},"type":"binary-expr","locations":[{"start":{"line":207,"column":8},"end":{"line":207,"column":14}},{"start":{"line":207,"column":18},"end":{"line":207,"column":28}}],"line":207},"15":{"loc":{"start":{"line":214,"column":4},"end":{"line":218,"column":5}},"type":"if","locations":[{"start":{"line":214,"column":4},"end":{"line":218,"column":5}},{"start":{},"end":{}}],"line":214},"16":{"loc":{"start":{"line":221,"column":4},"end":{"line":225,"column":5}},"type":"if","locations":[{"start":{"line":221,"column":4},"end":{"line":225,"column":5}},{"start":{},"end":{}}],"line":221}},"s":{"0":1,"1":1,"2":1,"3":6,"4":6,"5":6,"6":1,"7":5,"8":1,"9":4,"10":1,"11":3,"12":1,"13":1,"14":2,"15":2,"16":1,"17":1,"18":1,"19":5,"20":5,"21":5,"22":1,"23":4,"24":3,"25":1,"26":2,"27":2,"28":1,"29":1,"30":1,"31":1,"32":1,"33":1,"34":0,"35":1,"36":3,"37":3,"38":3,"39":3,"40":1,"41":2,"42":2,"43":2,"44":2,"45":2,"46":1,"47":1,"48":1,"49":1,"50":5,"51":5,"52":5,"53":0,"54":5,"55":5,"56":5,"57":1,"58":4,"59":4,"60":0,"61":4,"62":4,"63":1,"64":3,"65":2,"66":1,"67":1,"68":1,"69":1,"70":1,"71":1},"f":{"0":1,"1":6,"2":5,"3":0,"4":3,"5":5},"b":{"0":[1,5],"1":[6,5,5,5,5,5],"2":[1,4],"3":[1,3],"4":[1,1],"5":[2,1],"6":[1,4],"7":[5,5],"8":[1,2],"9":[1,1],"10":[1,2],"11":[0,5],"12":[5,5],"13":[0,4],"14":[4,4],"15":[1,3],"16":[1,1]},"_coverageSchema":"1a1c01bbd47fc00a2c39e90264f33305004495a9","hash":"50c9974ff78bcd9970a5e5911f4fcaeea5052d40"}
,"C:\\Users\\JUAN DAVID ALZATE\\OneDrive\\Documentos\\tinder-app\\api\\controllers\\matchController.js": {"path":"C:\\Users\\JUAN DAVID ALZATE\\OneDrive\\Documentos\\tinder-app\\api\\controllers\\matchController.js","statementMap":{"0":{"start":{"line":12,"column":26},"end":{"line":71,"column":1}},"1":{"start":{"line":13,"column":2},"end":{"line":70,"column":3}},"2":{"start":{"line":14,"column":28},"end":{"line":14,"column":38}},"3":{"start":{"line":15,"column":24},"end":{"line":15,"column":56}},"4":{"start":{"line":16,"column":22},"end":{"line":16,"column":54}},"5":{"start":{"line":18,"column":4},"end":{"line":23,"column":5}},"6":{"start":{"line":19,"column":6},"end":{"line":22,"column":9}},"7":{"start":{"line":25,"column":4},"end":{"line":57,"column":5}},"8":{"start":{"line":26,"column":6},"end":{"line":26,"column":42}},"9":{"start":{"line":27,"column":6},"end":{"line":27,"column":31}},"10":{"start":{"line":29,"column":6},"end":{"line":56,"column":7}},"11":{"start":{"line":30,"column":8},"end":{"line":30,"column":46}},"12":{"start":{"line":31,"column":8},"end":{"line":31,"column":47}},"13":{"start":{"line":33,"column":8},"end":{"line":33,"column":66}},"14":{"start":{"line":35,"column":31},"end":{"line":35,"column":50}},"15":{"start":{"line":36,"column":19},"end":{"line":36,"column":26}},"16":{"start":{"line":39,"column":34},"end":{"line":39,"column":65}},"17":{"start":{"line":40,"column":8},"end":{"line":46,"column":9}},"18":{"start":{"line":41,"column":10},"end":{"line":45,"column":13}},"19":{"start":{"line":48,"column":32},"end":{"line":48,"column":78}},"20":{"start":{"line":49,"column":8},"end":{"line":55,"column":9}},"21":{"start":{"line":50,"column":10},"end":{"line":54,"column":13}},"22":{"start":{"line":59,"column":4},"end":{"line":62,"column":7}},"23":{"start":{"line":64,"column":4},"end":{"line":64,"column":48}},"24":{"start":{"line":66,"column":4},"end":{"line":69,"column":7}},"25":{"start":{"line":81,"column":25},"end":{"line":104,"column":1}},"26":{"start":{"line":82,"column":2},"end":{"line":103,"column":3}},"27":{"start":{"line":83,"column":31},"end":{"line":83,"column":41}},"28":{"start":{"line":84,"column":24},"end":{"line":84,"column":56}},"29":{"start":{"line":87,"column":4},"end":{"line":90,"column":5}},"30":{"start":{"line":88,"column":6},"end":{"line":88,"column":48}},"31":{"start":{"line":89,"column":6},"end":{"line":89,"column":31}},"32":{"start":{"line":92,"column":4},"end":{"line":95,"column":7}},"33":{"start":{"line":97,"column":4},"end":{"line":97,"column":47}},"34":{"start":{"line":99,"column":4},"end":{"line":102,"column":7}},"35":{"start":{"line":114,"column":26},"end":{"line":133,"column":1}},"36":{"start":{"line":115,"column":2},"end":{"line":132,"column":3}},"37":{"start":{"line":116,"column":17},"end":{"line":119,"column":5}},"38":{"start":{"line":121,"column":4},"end":{"line":124,"column":7}},"39":{"start":{"line":126,"column":4},"end":{"line":126,"column":48}},"40":{"start":{"line":128,"column":4},"end":{"line":131,"column":7}},"41":{"start":{"line":143,"column":31},"end":{"line":175,"column":1}},"42":{"start":{"line":144,"column":2},"end":{"line":174,"column":3}},"43":{"start":{"line":145,"column":24},"end":{"line":145,"column":56}},"44":{"start":{"line":147,"column":18},"end":{"line":161,"column":6}},"45":{"start":{"line":163,"column":4},"end":{"line":166,"column":7}},"46":{"start":{"line":168,"column":4},"end":{"line":168,"column":53}},"47":{"start":{"line":170,"column":4},"end":{"line":173,"column":7}}},"fnMap":{"0":{"name":"(anonymous_0)","decl":{"start":{"line":12,"column":26},"end":{"line":12,"column":27}},"loc":{"start":{"line":12,"column":46},"end":{"line":71,"column":1}},"line":12},"1":{"name":"(anonymous_1)","decl":{"start":{"line":81,"column":25},"end":{"line":81,"column":26}},"loc":{"start":{"line":81,"column":45},"end":{"line":104,"column":1}},"line":81},"2":{"name":"(anonymous_2)","decl":{"start":{"line":114,"column":26},"end":{"line":114,"column":27}},"loc":{"start":{"line":114,"column":46},"end":{"line":133,"column":1}},"line":114},"3":{"name":"(anonymous_3)","decl":{"start":{"line":143,"column":31},"end":{"line":143,"column":32}},"loc":{"start":{"line":143,"column":51},"end":{"line":175,"column":1}},"line":143}},"branchMap":{"0":{"loc":{"start":{"line":18,"column":4},"end":{"line":23,"column":5}},"type":"if","locations":[{"start":{"line":18,"column":4},"end":{"line":23,"column":5}},{"start":{},"end":{}}],"line":18},"1":{"loc":{"start":{"line":25,"column":4},"end":{"line":57,"column":5}},"type":"if","locations":[{"start":{"line":25,"column":4},"end":{"line":57,"column":5}},{"start":{},"end":{}}],"line":25},"2":{"loc":{"start":{"line":29,"column":6},"end":{"line":56,"column":7}},"type":"if","locations":[{"start":{"line":29,"column":6},"end":{"line":56,"column":7}},{"start":{},"end":{}}],"line":29},"3":{"loc":{"start":{"line":40,"column":8},"end":{"line":46,"column":9}},"type":"if","locations":[{"start":{"line":40,"column":8},"end":{"line":46,"column":9}},{"start":{},"end":{}}],"line":40},"4":{"loc":{"start":{"line":49,"column":8},"end":{"line":55,"column":9}},"type":"if","locations":[{"start":{"line":49,"column":8},"end":{"line":55,"column":9}},{"start":{},"end":{}}],"line":49},"5":{"loc":{"start":{"line":87,"column":4},"end":{"line":90,"column":5}},"type":"if","locations":[{"start":{"line":87,"column":4},"end":{"line":90,"column":5}},{"start":{},"end":{}}],"line":87},"6":{"loc":{"start":{"line":155,"column":12},"end":{"line":157,"column":44}},"type":"cond-expr","locations":[{"start":{"line":156,"column":16},"end":{"line":156,"column":43}},{"start":{"line":157,"column":16},"end":{"line":157,"column":44}}],"line":155}},"s":{"0":1,"1":5,"2":5,"3":5,"4":5,"5":5,"6":2,"7":3,"8":3,"9":3,"10":3,"11":2,"12":2,"13":2,"14":2,"15":2,"16":2,"17":2,"18":1,"19":2,"20":2,"21":0,"22":3,"23":0,"24":0,"25":1,"26":3,"27":3,"28":3,"29":2,"30":1,"31":1,"32":2,"33":1,"34":1,"35":1,"36":1,"37":1,"38":1,"39":0,"40":0,"41":1,"42":1,"43":1,"44":1,"45":1,"46":0,"47":0},"f":{"0":5,"1":3,"2":1,"3":1},"b":{"0":[2,3],"1":[3,0],"2":[2,1],"3":[1,1],"4":[0,2],"5":[1,1],"6":[0,1]},"_coverageSchema":"1a1c01bbd47fc00a2c39e90264f33305004495a9","hash":"fba3a9be449f283bb514476ac862b369345b12a5"}
,"C:\\Users\\JUAN DAVID ALZATE\\OneDrive\\Documentos\\tinder-app\\api\\controllers\\messageController.js": {"path":"C:\\Users\\JUAN DAVID ALZATE\\OneDrive\\Documentos\\tinder-app\\api\\controllers\\messageController.js","statementMap":{"0":{"start":{"line":14,"column":27},"end":{"line":52,"column":1}},"1":{"start":{"line":15,"column":2},"end":{"line":51,"column":3}},"2":{"start":{"line":16,"column":36},"end":{"line":16,"column":44}},"3":{"start":{"line":18,"column":23},"end":{"line":22,"column":6}},"4":{"start":{"line":24,"column":15},"end":{"line":24,"column":22}},"5":{"start":{"line":25,"column":27},"end":{"line":25,"column":46}},"6":{"start":{"line":26,"column":29},"end":{"line":26,"column":59}},"7":{"start":{"line":28,"column":4},"end":{"line":32,"column":5}},"8":{"start":{"line":29,"column":6},"end":{"line":31,"column":9}},"9":{"start":{"line":35,"column":5},"end":{"line":39,"column":7}},"10":{"start":{"line":41,"column":4},"end":{"line":44,"column":7}},"11":{"start":{"line":46,"column":4},"end":{"line":46,"column":49}},"12":{"start":{"line":47,"column":4},"end":{"line":50,"column":7}},"13":{"start":{"line":63,"column":31},"end":{"line":84,"column":1}},"14":{"start":{"line":64,"column":21},"end":{"line":64,"column":31}},"15":{"start":{"line":65,"column":2},"end":{"line":83,"column":3}},"16":{"start":{"line":66,"column":21},"end":{"line":71,"column":24}},"17":{"start":{"line":73,"column":4},"end":{"line":76,"column":7}},"18":{"start":{"line":78,"column":4},"end":{"line":78,"column":53}},"19":{"start":{"line":79,"column":4},"end":{"line":82,"column":7}}},"fnMap":{"0":{"name":"(anonymous_0)","decl":{"start":{"line":14,"column":27},"end":{"line":14,"column":28}},"loc":{"start":{"line":14,"column":47},"end":{"line":52,"column":1}},"line":14},"1":{"name":"(anonymous_1)","decl":{"start":{"line":63,"column":31},"end":{"line":63,"column":32}},"loc":{"start":{"line":63,"column":51},"end":{"line":84,"column":1}},"line":63}},"branchMap":{"0":{"loc":{"start":{"line":28,"column":4},"end":{"line":32,"column":5}},"type":"if","locations":[{"start":{"line":28,"column":4},"end":{"line":32,"column":5}},{"start":{},"end":{}}],"line":28}},"s":{"0":1,"1":3,"2":3,"3":3,"4":2,"5":2,"6":2,"7":2,"8":1,"9":2,"10":2,"11":1,"12":1,"13":1,"14":2,"15":2,"16":2,"17":1,"18":1,"19":1},"f":{"0":3,"1":2},"b":{"0":[1,1]},"_coverageSchema":"1a1c01bbd47fc00a2c39e90264f33305004495a9","hash":"0378c54fb9cfe02d31cb08a57249c14b06af0061"}
,"C:\\Users\\JUAN DAVID ALZATE\\OneDrive\\Documentos\\tinder-app\\api\\controllers\\userController.js": {"path":"C:\\Users\\JUAN DAVID ALZATE\\OneDrive\\Documentos\\tinder-app\\api\\controllers\\userController.js","statementMap":{"0":{"start":{"line":13,"column":29},"end":{"line":50,"column":1}},"1":{"start":{"line":14,"column":2},"end":{"line":49,"column":3}},"2":{"start":{"line":15,"column":36},"end":{"line":15,"column":44}},"3":{"start":{"line":17,"column":22},"end":{"line":17,"column":31}},"4":{"start":{"line":19,"column":4},"end":{"line":33,"column":5}},"5":{"start":{"line":20,"column":6},"end":{"line":32,"column":7}},"6":{"start":{"line":21,"column":8},"end":{"line":31,"column":9}},"7":{"start":{"line":22,"column":33},"end":{"line":22,"column":72}},"8":{"start":{"line":23,"column":10},"end":{"line":23,"column":56}},"9":{"start":{"line":25,"column":10},"end":{"line":25,"column":57}},"10":{"start":{"line":27,"column":10},"end":{"line":30,"column":13}},"11":{"start":{"line":35,"column":24},"end":{"line":37,"column":6}},"12":{"start":{"line":39,"column":4},"end":{"line":42,"column":7}},"13":{"start":{"line":44,"column":4},"end":{"line":44,"column":51}},"14":{"start":{"line":45,"column":4},"end":{"line":48,"column":7}}},"fnMap":{"0":{"name":"(anonymous_0)","decl":{"start":{"line":13,"column":29},"end":{"line":13,"column":30}},"loc":{"start":{"line":13,"column":49},"end":{"line":50,"column":1}},"line":13}},"branchMap":{"0":{"loc":{"start":{"line":19,"column":4},"end":{"line":33,"column":5}},"type":"if","locations":[{"start":{"line":19,"column":4},"end":{"line":33,"column":5}},{"start":{},"end":{}}],"line":19},"1":{"loc":{"start":{"line":20,"column":6},"end":{"line":32,"column":7}},"type":"if","locations":[{"start":{"line":20,"column":6},"end":{"line":32,"column":7}},{"start":{},"end":{}}],"line":20}},"s":{"0":1,"1":4,"2":4,"3":4,"4":4,"5":2,"6":2,"7":2,"8":1,"9":1,"10":1,"11":3,"12":2,"13":1,"14":1},"f":{"0":4},"b":{"0":[2,2],"1":[2,0]},"_coverageSchema":"1a1c01bbd47fc00a2c39e90264f33305004495a9","hash":"4a55bdf230d9c31ddaab5bb1d933053a452d78c7"}
,"C:\\Users\\JUAN DAVID ALZATE\\OneDrive\\Documentos\\tinder-app\\api\\middleware\\auth.js": {"path":"C:\\Users\\JUAN DAVID ALZATE\\OneDrive\\Documentos\\tinder-app\\api\\middleware\\auth.js","statementMap":{"0":{"start":{"line":12,"column":28},"end":{"line":56,"column":1}},"1":{"start":{"line":13,"column":2},"end":{"line":55,"column":3}},"2":{"start":{"line":15,"column":6},"end":{"line":15,"column":74}},"3":{"start":{"line":16,"column":4},"end":{"line":21,"column":5}},"4":{"start":{"line":17,"column":6},"end":{"line":20,"column":9}},"5":{"start":{"line":23,"column":20},"end":{"line":23,"column":61}},"6":{"start":{"line":24,"column":4},"end":{"line":29,"column":5}},"7":{"start":{"line":25,"column":6},"end":{"line":28,"column":9}},"8":{"start":{"line":31,"column":24},"end":{"line":31,"column":55}},"9":{"start":{"line":32,"column":4},"end":{"line":37,"column":5}},"10":{"start":{"line":33,"column":6},"end":{"line":36,"column":9}},"11":{"start":{"line":39,"column":4},"end":{"line":39,"column":27}},"12":{"start":{"line":40,"column":4},"end":{"line":40,"column":11}},"13":{"start":{"line":42,"column":4},"end":{"line":42,"column":53}},"14":{"start":{"line":44,"column":4},"end":{"line":54,"column":5}},"15":{"start":{"line":45,"column":6},"end":{"line":48,"column":9}},"16":{"start":{"line":50,"column":6},"end":{"line":53,"column":9}}},"fnMap":{"0":{"name":"(anonymous_0)","decl":{"start":{"line":12,"column":28},"end":{"line":12,"column":29}},"loc":{"start":{"line":12,"column":54},"end":{"line":56,"column":1}},"line":12}},"branchMap":{"0":{"loc":{"start":{"line":15,"column":6},"end":{"line":15,"column":74}},"type":"binary-expr","locations":[{"start":{"line":15,"column":6},"end":{"line":15,"column":31}},{"start":{"line":15,"column":35},"end":{"line":15,"column":74}}],"line":15},"1":{"loc":{"start":{"line":16,"column":4},"end":{"line":21,"column":5}},"type":"if","locations":[{"start":{"line":16,"column":4},"end":{"line":21,"column":5}},{"start":{},"end":{}}],"line":16},"2":{"loc":{"start":{"line":24,"column":4},"end":{"line":29,"column":5}},"type":"if","locations":[{"start":{"line":24,"column":4},"end":{"line":29,"column":5}},{"start":{},"end":{}}],"line":24},"3":{"loc":{"start":{"line":32,"column":4},"end":{"line":37,"column":5}},"type":"if","locations":[{"start":{"line":32,"column":4},"end":{"line":37,"column":5}},{"start":{},"end":{}}],"line":32},"4":{"loc":{"start":{"line":44,"column":4},"end":{"line":54,"column":5}},"type":"if","locations":[{"start":{"line":44,"column":4},"end":{"line":54,"column":5}},{"start":{"line":49,"column":11},"end":{"line":54,"column":5}}],"line":44}},"s":{"0":1,"1":5,"2":5,"3":5,"4":1,"5":4,"6":3,"7":0,"8":3,"9":2,"10":1,"11":1,"12":1,"13":2,"14":2,"15":1,"16":1},"f":{"0":5},"b":{"0":[5,4],"1":[1,4],"2":[0,3],"3":[1,1],"4":[1,1]},"_coverageSchema":"1a1c01bbd47fc00a2c39e90264f33305004495a9","hash":"182616d866955a4c4c0c7540ef8bd58f604cf369"}
}
