TN:
SF:api\controllers\authController.js
FN:11,(anonymous_0)
FN:26,(anonymous_1)
FN:89,(anonymous_2)
FN:138,(anonymous_3)
FN:147,(anonymous_4)
FN:187,(anonymous_5)
FNF:6
FNH:5
FNDA:1,(anonymous_0)
FNDA:6,(anonymous_1)
FNDA:5,(anonymous_2)
FNDA:0,(anonymous_3)
FNDA:3,(anonymous_4)
FNDA:5,(anonymous_5)
DA:11,1
DA:12,1
DA:26,1
DA:27,6
DA:28,6
DA:29,6
DA:30,1
DA:36,5
DA:37,1
DA:43,4
DA:44,1
DA:50,3
DA:59,1
DA:61,1
DA:67,2
DA:69,2
DA:70,1
DA:76,1
DA:89,1
DA:90,5
DA:91,5
DA:92,5
DA:93,1
DA:99,4
DA:100,3
DA:101,1
DA:107,2
DA:108,2
DA:109,1
DA:115,1
DA:119,1
DA:125,1
DA:126,1
DA:138,1
DA:139,0
DA:147,1
DA:148,3
DA:150,3
DA:151,3
DA:152,3
DA:153,1
DA:159,2
DA:160,2
DA:161,2
DA:162,2
DA:166,2
DA:168,1
DA:173,1
DA:174,1
DA:187,1
DA:188,5
DA:190,5
DA:191,5
DA:192,0
DA:196,5
DA:197,5
DA:198,5
DA:200,1
DA:205,4
DA:207,4
DA:208,0
DA:213,4
DA:214,4
DA:215,1
DA:220,3
DA:221,2
DA:222,1
DA:227,1
DA:228,1
DA:230,1
DA:235,1
DA:236,1
LF:72
LH:69
BRDA:29,0,0,1
BRDA:29,0,1,5
BRDA:29,1,0,6
BRDA:29,1,1,5
BRDA:29,1,2,5
BRDA:29,1,3,5
BRDA:29,1,4,5
BRDA:29,1,5,5
BRDA:36,2,0,1
BRDA:36,2,1,4
BRDA:43,3,0,1
BRDA:43,3,1,3
BRDA:69,4,0,1
BRDA:69,4,1,1
BRDA:69,5,0,2
BRDA:69,5,1,1
BRDA:92,6,0,1
BRDA:92,6,1,4
BRDA:92,7,0,5
BRDA:92,7,1,5
BRDA:100,8,0,1
BRDA:100,8,1,2
BRDA:108,9,0,1
BRDA:108,9,1,1
BRDA:152,10,0,1
BRDA:152,10,1,2
BRDA:191,11,0,0
BRDA:191,11,1,5
BRDA:191,12,0,5
BRDA:191,12,1,5
BRDA:207,13,0,0
BRDA:207,13,1,4
BRDA:207,14,0,4
BRDA:207,14,1,4
BRDA:214,15,0,1
BRDA:214,15,1,3
BRDA:221,16,0,1
BRDA:221,16,1,1
BRF:38
BRH:36
end_of_record
TN:
SF:api\controllers\matchController.js
FN:12,(anonymous_0)
FN:81,(anonymous_1)
FN:114,(anonymous_2)
FN:143,(anonymous_3)
FNF:4
FNH:4
FNDA:5,(anonymous_0)
FNDA:3,(anonymous_1)
FNDA:1,(anonymous_2)
FNDA:1,(anonymous_3)
DA:12,1
DA:13,5
DA:14,5
DA:15,5
DA:16,5
DA:18,5
DA:19,2
DA:25,3
DA:26,3
DA:27,3
DA:29,3
DA:30,2
DA:31,2
DA:33,2
DA:35,2
DA:36,2
DA:39,2
DA:40,2
DA:41,1
DA:48,2
DA:49,2
DA:50,0
DA:59,3
DA:64,0
DA:66,0
DA:81,1
DA:82,3
DA:83,3
DA:84,3
DA:87,2
DA:88,1
DA:89,1
DA:92,2
DA:97,1
DA:99,1
DA:114,1
DA:115,1
DA:116,1
DA:121,1
DA:126,0
DA:128,0
DA:143,1
DA:144,1
DA:145,1
DA:147,1
DA:163,1
DA:168,0
DA:170,0
LF:48
LH:41
BRDA:18,0,0,2
BRDA:18,0,1,3
BRDA:25,1,0,3
BRDA:25,1,1,0
BRDA:29,2,0,2
BRDA:29,2,1,1
BRDA:40,3,0,1
BRDA:40,3,1,1
BRDA:49,4,0,0
BRDA:49,4,1,2
BRDA:87,5,0,1
BRDA:87,5,1,1
BRDA:155,6,0,0
BRDA:155,6,1,1
BRF:14
BRH:11
end_of_record
TN:
SF:api\controllers\messageController.js
FN:14,(anonymous_0)
FN:63,(anonymous_1)
FNF:2
FNH:2
FNDA:3,(anonymous_0)
FNDA:2,(anonymous_1)
DA:14,1
DA:15,3
DA:16,3
DA:18,3
DA:24,2
DA:25,2
DA:26,2
DA:28,2
DA:29,1
DA:35,2
DA:41,2
DA:46,1
DA:47,1
DA:63,1
DA:64,2
DA:65,2
DA:66,2
DA:73,1
DA:78,1
DA:79,1
LF:20
LH:20
BRDA:28,0,0,1
BRDA:28,0,1,1
BRF:2
BRH:2
end_of_record
TN:
SF:api\controllers\userController.js
FN:13,(anonymous_0)
FNF:1
FNH:1
FNDA:4,(anonymous_0)
DA:13,1
DA:14,4
DA:15,4
DA:17,4
DA:19,4
DA:20,2
DA:21,2
DA:22,2
DA:23,1
DA:25,1
DA:27,1
DA:35,3
DA:39,2
DA:44,1
DA:45,1
LF:15
LH:15
BRDA:19,0,0,2
BRDA:19,0,1,2
BRDA:20,1,0,2
BRDA:20,1,1,0
BRF:4
BRH:3
end_of_record
TN:
SF:api\middleware\auth.js
FN:12,(anonymous_0)
FNF:1
FNH:1
FNDA:5,(anonymous_0)
DA:12,1
DA:13,5
DA:15,5
DA:16,5
DA:17,1
DA:23,4
DA:24,3
DA:25,0
DA:31,3
DA:32,2
DA:33,1
DA:39,1
DA:40,1
DA:42,2
DA:44,2
DA:45,1
DA:50,1
LF:17
LH:16
BRDA:15,0,0,5
BRDA:15,0,1,4
BRDA:16,1,0,1
BRDA:16,1,1,4
BRDA:24,2,0,0
BRDA:24,2,1,3
BRDA:32,3,0,1
BRDA:32,3,1,1
BRDA:44,4,0,1
BRDA:44,4,1,1
BRF:10
BRH:9
end_of_record
